TN:
SF:src/modules/appointments/services/CreateAppointmentService.ts
FN:75,Object.<anonymous>
FN:75,Object.<anonymous>.__decorate
FN:75,Object.<anonymous>.__metadata
FN:75,Object.<anonymous>.__param
FN:75,Object.<anonymous>.__awaiter
FN:75,adopt
FN:75,fulfilled
FN:75,rejected
FN:75,step
FN:75,Object.<anonymous>.__generator
FN:75,sent
FN:75,g.<computed>
FN:75,verb
FN:75,step
FN:75,Object.<anonymous>.__importDefault
FN:23,CreateAppointmentService
FN:31,Object.<anonymous>.CreateAppointmentService.execute
FNF:17
FNH:15
FNDA:1,Object.<anonymous>
FNDA:1,Object.<anonymous>.__decorate
FNDA:1,Object.<anonymous>.__metadata
FNDA:2,Object.<anonymous>.__param
FNDA:7,Object.<anonymous>.__awaiter
FNDA:6,adopt
FNDA:6,fulfilled
FNDA:0,rejected
FNDA:8,step
FNDA:7,Object.<anonymous>.__generator
FNDA:6,sent
FNDA:0,g.<computed>
FNDA:21,verb
FNDA:13,step
FNDA:1,Object.<anonymous>.__importDefault
FNDA:5,CreateAppointmentService
FNDA:7,Object.<anonymous>.CreateAppointmentService.execute
DA:1,1
DA:2,1
DA:3,1
DA:4,1
DA:5,1
DA:6,1
DA:7,1
DA:8,1
DA:9,1
DA:10,1
DA:11,1
DA:12,1
DA:13,1
DA:14,1
DA:15,1
DA:16,1
DA:17,1
DA:18,1
DA:19,1
DA:20,1
DA:21,1
DA:22,1
DA:23,1
DA:24,5
DA:25,5
DA:26,5
DA:27,5
DA:28,5
DA:29,5
DA:30,1
DA:31,1
DA:32,7
DA:33,7
DA:34,7
DA:35,7
DA:36,3
DA:37,3
DA:38,4
DA:39,7
DA:40,1
DA:41,1
DA:42,3
DA:43,7
DA:44,1
DA:45,1
DA:46,1
DA:47,1
DA:48,2
DA:49,2
DA:50,2
DA:51,2
DA:52,7
DA:53,7
DA:54,0
DA:55,0
DA:56,7
DA:57,7
DA:58,7
DA:59,7
DA:60,7
DA:61,7
DA:62,7
DA:63,7
DA:64,7
DA:65,7
DA:66,7
DA:67,7
DA:68,7
DA:69,7
DA:70,7
DA:71,7
DA:72,7
DA:73,1
DA:74,1
DA:75,1
LF:75
LH:73
BRDA:75,0,0,1
BRDA:75,1,0,1
BRDA:75,2,0,1
BRDA:75,3,0,0
BRDA:75,4,0,0
BRDA:75,5,0,0
BRDA:75,6,0,0
BRDA:75,7,0,1
BRDA:75,8,0,2
BRDA:75,9,0,2
BRDA:75,10,0,7
BRDA:75,11,0,6
BRDA:75,12,0,0
BRDA:75,13,0,7
BRDA:75,14,0,6
BRDA:75,15,0,0
BRDA:75,16,0,8
BRDA:75,17,0,2
BRDA:75,18,0,6
BRDA:75,19,0,7
BRDA:75,20,0,6
BRDA:75,21,0,0
BRDA:75,22,0,21
BRDA:75,23,0,13
BRDA:75,24,0,13
BRDA:75,25,0,0
BRDA:75,26,0,26
BRDA:75,27,0,0
BRDA:75,28,0,0
BRDA:75,29,0,0
BRDA:75,30,0,0
BRDA:75,31,0,13
BRDA:75,32,0,13
BRDA:75,33,0,6
BRDA:75,34,0,0
BRDA:75,35,0,0
BRDA:75,36,0,7
BRDA:75,37,0,0
BRDA:75,38,0,2
BRDA:75,39,0,0
BRDA:75,40,0,0
BRDA:75,41,0,0
BRDA:75,42,0,0
BRDA:75,43,0,13
BRDA:75,44,0,8
BRDA:75,45,0,5
BRDA:75,46,0,13
BRDA:75,47,0,7
BRDA:75,48,0,5
BRDA:75,49,0,2
BRDA:75,50,0,0
BRDA:75,51,0,1
BRDA:75,52,0,0
BRDA:22,53,0,1
BRDA:23,54,0,5
BRDA:31,55,0,7
BRDA:75,56,0,7
BRDA:75,57,0,13
BRDA:75,58,0,7
BRDA:35,59,0,3
BRDA:37,60,0,4
BRDA:39,61,0,1
BRDA:41,62,0,3
BRDA:43,63,0,2
BRDA:43,64,0,1
BRDA:47,65,0,2
BRDA:75,66,0,2
BRDA:53,67,0,0
BRDA:75,68,0,2
BRDA:75,69,0,2
BRF:70
BRH:48
end_of_record
TN:
SF:src/modules/appointments/services/ListProviderAppointmentsService.ts
FN:36,Object.<anonymous>
FN:36,Object.<anonymous>.__decorate
FN:36,Object.<anonymous>.__metadata
FN:36,Object.<anonymous>.__param
FN:36,Object.<anonymous>.__awaiter
FN:36,adopt
FN:36,fulfilled
FN:36,rejected
FN:36,step
FN:36,Object.<anonymous>.__generator
FN:36,sent
FN:36,g.<computed>
FN:36,verb
FN:36,step
FN:18,ListProviderAppointmentsService
FN:24,Object.<anonymous>.ListProviderAppointmentsService.execute
FNF:16
FNH:14
FNDA:1,Object.<anonymous>
FNDA:1,Object.<anonymous>.__decorate
FNDA:1,Object.<anonymous>.__metadata
FNDA:1,Object.<anonymous>.__param
FNDA:1,Object.<anonymous>.__awaiter
FNDA:1,adopt
FNDA:1,fulfilled
FNDA:0,rejected
FNDA:2,step
FNDA:1,Object.<anonymous>.__generator
FNDA:1,sent
FNDA:0,g.<computed>
FNDA:3,verb
FNDA:2,step
FNDA:1,ListProviderAppointmentsService
FNDA:1,Object.<anonymous>.ListProviderAppointmentsService.execute
DA:1,1
DA:2,1
DA:3,1
DA:4,1
DA:5,1
DA:6,1
DA:7,1
DA:8,1
DA:9,1
DA:10,1
DA:11,1
DA:12,1
DA:13,1
DA:14,1
DA:15,1
DA:16,1
DA:17,1
DA:18,1
DA:19,1
DA:20,1
DA:21,1
DA:22,1
DA:23,1
DA:24,1
DA:25,1
DA:26,1
DA:27,1
DA:28,1
DA:29,1
DA:30,1
DA:31,1
DA:32,1
DA:33,1
DA:34,1
DA:35,1
DA:36,1
LF:36
LH:36
BRDA:36,0,0,1
BRDA:36,1,0,1
BRDA:36,2,0,1
BRDA:36,3,0,0
BRDA:36,4,0,0
BRDA:36,5,0,0
BRDA:36,6,0,0
BRDA:36,7,0,1
BRDA:36,8,0,1
BRDA:36,9,0,1
BRDA:36,10,0,1
BRDA:36,11,0,1
BRDA:36,12,0,0
BRDA:36,13,0,1
BRDA:36,14,0,1
BRDA:36,15,0,0
BRDA:36,16,0,2
BRDA:36,17,0,1
BRDA:36,18,0,1
BRDA:36,19,0,1
BRDA:36,20,0,1
BRDA:36,21,0,0
BRDA:36,22,0,3
BRDA:36,23,0,2
BRDA:36,24,0,2
BRDA:36,25,0,0
BRDA:36,26,0,4
BRDA:36,27,0,0
BRDA:36,28,0,0
BRDA:36,29,0,0
BRDA:36,30,0,0
BRDA:36,31,0,2
BRDA:36,32,0,2
BRDA:36,33,0,1
BRDA:36,34,0,0
BRDA:36,35,0,0
BRDA:36,36,0,1
BRDA:36,37,0,0
BRDA:36,38,0,0
BRDA:36,39,0,0
BRDA:36,40,0,0
BRDA:36,41,0,0
BRDA:36,42,0,2
BRDA:36,43,0,0
BRDA:36,44,0,2
BRDA:36,45,0,1
BRDA:36,46,0,0
BRDA:36,47,0,1
BRDA:36,48,0,0
BRDA:16,49,0,1
BRDA:18,50,0,1
BRDA:24,51,0,1
BRDA:36,52,0,1
BRDA:36,53,0,2
BRDA:25,54,0,1
BRDA:36,55,0,1
BRF:56
BRH:34
end_of_record
TN:
SF:src/modules/appointments/services/ListProviderDayAvailabilityService.ts
FN:64,Object.<anonymous>
FN:64,Object.<anonymous>.__decorate
FN:64,Object.<anonymous>.__metadata
FN:64,Object.<anonymous>.__param
FN:64,Object.<anonymous>.__awaiter
FN:64,adopt
FN:64,fulfilled
FN:64,rejected
FN:64,step
FN:64,Object.<anonymous>.__generator
FN:64,sent
FN:64,g.<computed>
FN:64,verb
FN:64,step
FN:23,ListProviderDayAvailabilityService
FN:28,Object.<anonymous>.ListProviderDayAvailabilityService.execute
FNF:16
FNH:14
FNDA:1,Object.<anonymous>
FNDA:1,Object.<anonymous>.__decorate
FNDA:1,Object.<anonymous>.__metadata
FNDA:1,Object.<anonymous>.__param
FNDA:1,Object.<anonymous>.__awaiter
FNDA:1,adopt
FNDA:1,fulfilled
FNDA:0,rejected
FNDA:2,step
FNDA:1,Object.<anonymous>.__generator
FNDA:1,sent
FNDA:0,g.<computed>
FNDA:3,verb
FNDA:2,step
FNDA:1,ListProviderDayAvailabilityService
FNDA:1,Object.<anonymous>.ListProviderDayAvailabilityService.execute
DA:1,1
DA:2,1
DA:3,1
DA:4,1
DA:5,1
DA:6,1
DA:7,1
DA:8,1
DA:9,1
DA:10,1
DA:11,1
DA:12,1
DA:13,1
DA:14,1
DA:15,1
DA:16,1
DA:17,1
DA:18,1
DA:19,1
DA:20,1
DA:21,1
DA:22,1
DA:23,1
DA:24,1
DA:25,1
DA:26,1
DA:27,1
DA:28,1
DA:29,1
DA:30,1
DA:31,1
DA:32,1
DA:33,1
DA:34,1
DA:35,1
DA:36,1
DA:37,1
DA:38,1
DA:39,1
DA:40,1
DA:41,1
DA:42,1
DA:43,1
DA:44,1
DA:45,1
DA:46,10
DA:47,10
DA:48,10
DA:49,10
DA:50,10
DA:51,10
DA:52,10
DA:53,10
DA:54,10
DA:55,10
DA:56,10
DA:57,10
DA:58,1
DA:59,1
DA:60,1
DA:61,1
DA:62,1
DA:63,1
DA:64,1
LF:64
LH:64
BRDA:64,0,0,1
BRDA:64,1,0,1
BRDA:64,2,0,1
BRDA:64,3,0,0
BRDA:64,4,0,0
BRDA:64,5,0,0
BRDA:64,6,0,0
BRDA:64,7,0,1
BRDA:64,8,0,1
BRDA:64,9,0,1
BRDA:64,10,0,1
BRDA:64,11,0,1
BRDA:64,12,0,0
BRDA:64,13,0,1
BRDA:64,14,0,1
BRDA:64,15,0,0
BRDA:64,16,0,2
BRDA:64,17,0,1
BRDA:64,18,0,1
BRDA:64,19,0,1
BRDA:64,20,0,1
BRDA:64,21,0,0
BRDA:64,22,0,3
BRDA:64,23,0,2
BRDA:64,24,0,2
BRDA:64,25,0,0
BRDA:64,26,0,4
BRDA:64,27,0,0
BRDA:64,28,0,0
BRDA:64,29,0,0
BRDA:64,30,0,0
BRDA:64,31,0,2
BRDA:64,32,0,2
BRDA:64,33,0,1
BRDA:64,34,0,0
BRDA:64,35,0,0
BRDA:64,36,0,1
BRDA:64,37,0,0
BRDA:64,38,0,0
BRDA:64,39,0,0
BRDA:64,40,0,0
BRDA:64,41,0,0
BRDA:64,42,0,2
BRDA:64,43,0,0
BRDA:64,44,0,2
BRDA:64,45,0,1
BRDA:64,46,0,0
BRDA:64,47,0,1
BRDA:64,48,0,0
BRDA:21,49,0,1
BRDA:23,50,0,1
BRDA:28,51,0,1
BRDA:64,52,0,1
BRDA:64,53,0,2
BRDA:29,54,0,1
BRDA:64,55,0,1
BRDA:40,56,0,10
BRDA:45,57,0,10
BRDA:56,58,0,8
BRDA:46,59,0,19
BRF:60
BRH:38
end_of_record
TN:
SF:src/modules/appointments/services/ListProviderMonthAvailabilityService.ts
FN:56,Object.<anonymous>
FN:56,Object.<anonymous>.__decorate
FN:56,Object.<anonymous>.__metadata
FN:56,Object.<anonymous>.__param
FN:56,Object.<anonymous>.__awaiter
FN:56,adopt
FN:56,fulfilled
FN:56,rejected
FN:56,step
FN:56,Object.<anonymous>.__generator
FN:56,sent
FN:56,g.<computed>
FN:56,verb
FN:56,step
FN:21,ListProviderMonthAvailabilityService
FN:27,Object.<anonymous>.ListProviderMonthAvailabilityService.execute
FNF:16
FNH:14
FNDA:1,Object.<anonymous>
FNDA:1,Object.<anonymous>.__decorate
FNDA:1,Object.<anonymous>.__metadata
FNDA:1,Object.<anonymous>.__param
FNDA:1,Object.<anonymous>.__awaiter
FNDA:1,adopt
FNDA:1,fulfilled
FNDA:0,rejected
FNDA:2,step
FNDA:1,Object.<anonymous>.__generator
FNDA:1,sent
FNDA:0,g.<computed>
FNDA:3,verb
FNDA:2,step
FNDA:1,ListProviderMonthAvailabilityService
FNDA:1,Object.<anonymous>.ListProviderMonthAvailabilityService.execute
DA:1,1
DA:2,1
DA:3,1
DA:4,1
DA:5,1
DA:6,1
DA:7,1
DA:8,1
DA:9,1
DA:10,1
DA:11,1
DA:12,1
DA:13,1
DA:14,1
DA:15,1
DA:16,1
DA:17,1
DA:18,1
DA:19,1
DA:20,1
DA:21,1
DA:22,1
DA:23,1
DA:24,1
DA:25,1
DA:26,1
DA:27,1
DA:28,1
DA:29,1
DA:30,1
DA:31,1
DA:32,1
DA:33,1
DA:34,1
DA:35,1
DA:36,1
DA:37,1
DA:38,1
DA:39,1
DA:40,1
DA:41,1
DA:42,31
DA:43,341
DA:44,31
DA:45,31
DA:46,31
DA:47,31
DA:48,31
DA:49,31
DA:50,1
DA:51,1
DA:52,1
DA:53,1
DA:54,1
DA:55,1
DA:56,1
LF:56
LH:56
BRDA:56,0,0,1
BRDA:56,1,0,1
BRDA:56,2,0,1
BRDA:56,3,0,0
BRDA:56,4,0,0
BRDA:56,5,0,0
BRDA:56,6,0,0
BRDA:56,7,0,1
BRDA:56,8,0,1
BRDA:56,9,0,1
BRDA:56,10,0,1
BRDA:56,11,0,1
BRDA:56,12,0,0
BRDA:56,13,0,1
BRDA:56,14,0,1
BRDA:56,15,0,0
BRDA:56,16,0,2
BRDA:56,17,0,1
BRDA:56,18,0,1
BRDA:56,19,0,1
BRDA:56,20,0,1
BRDA:56,21,0,0
BRDA:56,22,0,3
BRDA:56,23,0,2
BRDA:56,24,0,2
BRDA:56,25,0,0
BRDA:56,26,0,4
BRDA:56,27,0,0
BRDA:56,28,0,0
BRDA:56,29,0,0
BRDA:56,30,0,0
BRDA:56,31,0,2
BRDA:56,32,0,2
BRDA:56,33,0,1
BRDA:56,34,0,0
BRDA:56,35,0,0
BRDA:56,36,0,1
BRDA:56,37,0,0
BRDA:56,38,0,0
BRDA:56,39,0,0
BRDA:56,40,0,0
BRDA:56,41,0,0
BRDA:56,42,0,2
BRDA:56,43,0,0
BRDA:56,44,0,2
BRDA:56,45,0,1
BRDA:56,46,0,0
BRDA:56,47,0,1
BRDA:56,48,0,0
BRDA:19,49,0,1
BRDA:21,50,0,1
BRDA:27,51,0,1
BRDA:56,52,0,1
BRDA:56,53,0,2
BRDA:28,54,0,1
BRDA:56,55,0,1
BRDA:38,56,0,31
BRDA:41,57,0,31
BRDA:42,58,0,341
BRF:59
BRH:37
end_of_record
TN:
SF:src/modules/appointments/services/ListProvidersService.ts
FN:29,Object.<anonymous>
FN:29,Object.<anonymous>.__decorate
FN:29,Object.<anonymous>.__metadata
FN:29,Object.<anonymous>.__param
FN:29,Object.<anonymous>.__awaiter
FN:29,adopt
FN:29,fulfilled
FN:29,rejected
FN:29,step
FN:29,Object.<anonymous>.__generator
FN:29,sent
FN:29,g.<computed>
FN:29,verb
FN:29,step
FN:14,ListProvidersService
FN:20,Object.<anonymous>.ListProvidersService.execute
FNF:16
FNH:14
FNDA:1,Object.<anonymous>
FNDA:1,Object.<anonymous>.__decorate
FNDA:1,Object.<anonymous>.__metadata
FNDA:1,Object.<anonymous>.__param
FNDA:1,Object.<anonymous>.__awaiter
FNDA:1,adopt
FNDA:1,fulfilled
FNDA:0,rejected
FNDA:2,step
FNDA:1,Object.<anonymous>.__generator
FNDA:1,sent
FNDA:0,g.<computed>
FNDA:3,verb
FNDA:2,step
FNDA:1,ListProvidersService
FNDA:1,Object.<anonymous>.ListProvidersService.execute
DA:1,1
DA:2,1
DA:3,1
DA:4,1
DA:5,1
DA:6,1
DA:7,1
DA:8,1
DA:9,1
DA:10,1
DA:11,1
DA:12,1
DA:13,1
DA:14,1
DA:15,1
DA:16,1
DA:17,1
DA:18,1
DA:19,1
DA:20,1
DA:21,1
DA:22,1
DA:23,1
DA:24,1
DA:25,1
DA:26,1
DA:27,1
DA:28,1
DA:29,1
LF:29
LH:29
BRDA:29,0,0,1
BRDA:29,1,0,1
BRDA:29,2,0,1
BRDA:29,3,0,0
BRDA:29,4,0,0
BRDA:29,5,0,0
BRDA:29,6,0,0
BRDA:29,7,0,1
BRDA:29,8,0,1
BRDA:29,9,0,1
BRDA:29,10,0,1
BRDA:29,11,0,1
BRDA:29,12,0,0
BRDA:29,13,0,1
BRDA:29,14,0,1
BRDA:29,15,0,0
BRDA:29,16,0,2
BRDA:29,17,0,1
BRDA:29,18,0,1
BRDA:29,19,0,1
BRDA:29,20,0,1
BRDA:29,21,0,0
BRDA:29,22,0,3
BRDA:29,23,0,2
BRDA:29,24,0,2
BRDA:29,25,0,0
BRDA:29,26,0,4
BRDA:29,27,0,0
BRDA:29,28,0,0
BRDA:29,29,0,0
BRDA:29,30,0,0
BRDA:29,31,0,2
BRDA:29,32,0,2
BRDA:29,33,0,1
BRDA:29,34,0,0
BRDA:29,35,0,0
BRDA:29,36,0,1
BRDA:29,37,0,0
BRDA:29,38,0,0
BRDA:29,39,0,0
BRDA:29,40,0,0
BRDA:29,41,0,0
BRDA:29,42,0,2
BRDA:29,43,0,0
BRDA:29,44,0,2
BRDA:29,45,0,1
BRDA:29,46,0,0
BRDA:29,47,0,1
BRDA:29,48,0,0
BRDA:13,49,0,1
BRDA:14,50,0,1
BRDA:20,51,0,1
BRDA:29,52,0,1
BRDA:29,53,0,2
BRDA:21,54,0,1
BRDA:29,55,0,1
BRF:56
BRH:34
end_of_record
TN:
SF:src/modules/users/services/AuthenticateUserService.ts
FN:60,Object.<anonymous>
FN:60,Object.<anonymous>.__decorate
FN:60,Object.<anonymous>.__metadata
FN:60,Object.<anonymous>.__param
FN:60,Object.<anonymous>.__awaiter
FN:60,adopt
FN:60,fulfilled
FN:60,rejected
FN:60,step
FN:60,Object.<anonymous>.__generator
FN:60,sent
FN:60,g.<computed>
FN:60,verb
FN:60,step
FN:60,Object.<anonymous>.__importDefault
FN:24,AuthenticateUserService
FN:32,Object.<anonymous>.AuthenticateUserService.execute
FNF:17
FNH:15
FNDA:1,Object.<anonymous>
FNDA:1,Object.<anonymous>.__decorate
FNDA:1,Object.<anonymous>.__metadata
FNDA:2,Object.<anonymous>.__param
FNDA:3,Object.<anonymous>.__awaiter
FNDA:5,adopt
FNDA:5,fulfilled
FNDA:0,rejected
FNDA:6,step
FNDA:3,Object.<anonymous>.__generator
FNDA:5,sent
FNDA:0,g.<computed>
FNDA:9,verb
FNDA:8,step
FNDA:2,Object.<anonymous>.__importDefault
FNDA:3,AuthenticateUserService
FNDA:3,Object.<anonymous>.AuthenticateUserService.execute
DA:1,1
DA:2,1
DA:3,1
DA:4,1
DA:5,1
DA:6,1
DA:7,1
DA:8,1
DA:9,1
DA:10,1
DA:11,1
DA:12,1
DA:13,1
DA:14,1
DA:15,1
DA:16,1
DA:17,1
DA:18,1
DA:19,1
DA:20,1
DA:21,1
DA:22,1
DA:23,1
DA:24,1
DA:25,3
DA:26,3
DA:27,3
DA:28,3
DA:29,3
DA:30,3
DA:31,1
DA:32,1
DA:33,3
DA:34,3
DA:35,3
DA:36,3
DA:37,1
DA:38,1
DA:39,2
DA:40,2
DA:41,3
DA:42,3
DA:43,1
DA:44,1
DA:45,1
DA:46,1
DA:47,1
DA:48,1
DA:49,1
DA:50,1
DA:51,1
DA:52,1
DA:53,1
DA:54,1
DA:55,1
DA:56,1
DA:57,3
DA:58,1
DA:59,1
DA:60,1
LF:60
LH:60
BRDA:60,0,0,1
BRDA:60,1,0,1
BRDA:60,2,0,1
BRDA:60,3,0,0
BRDA:60,4,0,0
BRDA:60,5,0,0
BRDA:60,6,0,0
BRDA:60,7,0,1
BRDA:60,8,0,2
BRDA:60,9,0,2
BRDA:60,10,0,3
BRDA:60,11,0,5
BRDA:60,12,0,0
BRDA:60,13,0,3
BRDA:60,14,0,5
BRDA:60,15,0,3
BRDA:60,16,0,2
BRDA:60,17,0,6
BRDA:60,18,0,1
BRDA:60,19,0,5
BRDA:60,20,0,3
BRDA:60,21,0,5
BRDA:60,22,0,0
BRDA:60,23,0,9
BRDA:60,24,0,8
BRDA:60,25,0,8
BRDA:60,26,0,0
BRDA:60,27,0,16
BRDA:60,28,0,0
BRDA:60,29,0,0
BRDA:60,30,0,0
BRDA:60,31,0,0
BRDA:60,32,0,8
BRDA:60,33,0,8
BRDA:60,34,0,5
BRDA:60,35,0,0
BRDA:60,36,0,0
BRDA:60,37,0,3
BRDA:60,38,0,0
BRDA:60,39,0,1
BRDA:60,40,0,0
BRDA:60,41,0,0
BRDA:60,42,0,0
BRDA:60,43,0,0
BRDA:60,44,0,8
BRDA:60,45,0,6
BRDA:60,46,0,2
BRDA:60,47,0,8
BRDA:60,48,0,3
BRDA:60,49,0,2
BRDA:60,50,0,1
BRDA:60,51,0,0
BRDA:60,52,0,2
BRDA:60,53,0,0
BRDA:23,54,0,1
BRDA:24,55,0,3
BRDA:32,56,0,3
BRDA:60,57,0,3
BRDA:60,58,0,8
BRDA:34,59,0,3
BRDA:60,60,0,3
BRDA:36,61,0,1
BRDA:38,62,0,2
BRDA:60,63,0,2
BRDA:42,64,0,1
BRF:65
BRH:45
end_of_record
TN:
SF:src/modules/users/services/CreateUserService.ts
FN:49,Object.<anonymous>
FN:49,Object.<anonymous>.__decorate
FN:49,Object.<anonymous>.__metadata
FN:49,Object.<anonymous>.__param
FN:49,Object.<anonymous>.__awaiter
FN:49,adopt
FN:49,fulfilled
FN:49,rejected
FN:49,step
FN:49,Object.<anonymous>.__generator
FN:49,sent
FN:49,g.<computed>
FN:49,verb
FN:49,step
FN:49,Object.<anonymous>.__importDefault
FN:18,createUserService
FN:26,Object.<anonymous>.createUserService.execute
FNF:17
FNH:15
FNDA:2,Object.<anonymous>
FNDA:2,Object.<anonymous>.__decorate
FNDA:2,Object.<anonymous>.__metadata
FNDA:4,Object.<anonymous>.__param
FNDA:5,Object.<anonymous>.__awaiter
FNDA:13,adopt
FNDA:13,fulfilled
FNDA:0,rejected
FNDA:17,step
FNDA:5,Object.<anonymous>.__generator
FNDA:13,sent
FNDA:0,g.<computed>
FNDA:15,verb
FNDA:18,step
FNDA:2,Object.<anonymous>.__importDefault
FNDA:5,createUserService
FNDA:5,Object.<anonymous>.createUserService.execute
DA:1,1
DA:2,1
DA:3,1
DA:4,1
DA:5,1
DA:6,1
DA:7,1
DA:8,1
DA:9,1
DA:10,1
DA:11,1
DA:12,1
DA:13,1
DA:14,1
DA:15,1
DA:16,1
DA:17,2
DA:18,2
DA:19,5
DA:20,5
DA:21,5
DA:22,5
DA:23,5
DA:24,5
DA:25,2
DA:26,2
DA:27,5
DA:28,5
DA:29,5
DA:30,5
DA:31,5
DA:32,5
DA:33,5
DA:34,1
DA:35,1
DA:36,4
DA:37,4
DA:38,5
DA:39,5
DA:40,5
DA:41,5
DA:42,5
DA:43,5
DA:44,5
DA:45,5
DA:46,5
DA:47,2
DA:48,1
DA:49,1
LF:49
LH:49
BRDA:49,0,0,2
BRDA:49,1,0,2
BRDA:49,2,0,2
BRDA:49,3,0,0
BRDA:49,4,0,0
BRDA:49,5,0,0
BRDA:49,6,0,0
BRDA:49,7,0,2
BRDA:49,8,0,4
BRDA:49,9,0,4
BRDA:49,10,0,5
BRDA:49,11,0,13
BRDA:49,12,0,0
BRDA:49,13,0,5
BRDA:49,14,0,13
BRDA:49,15,0,12
BRDA:49,16,0,1
BRDA:49,17,0,17
BRDA:49,18,0,4
BRDA:49,19,0,13
BRDA:49,20,0,5
BRDA:49,21,0,13
BRDA:49,22,0,0
BRDA:49,23,0,15
BRDA:49,24,0,18
BRDA:49,25,0,18
BRDA:49,26,0,0
BRDA:49,27,0,36
BRDA:49,28,0,0
BRDA:49,29,0,0
BRDA:49,30,0,0
BRDA:49,31,0,0
BRDA:49,32,0,18
BRDA:49,33,0,18
BRDA:49,34,0,13
BRDA:49,35,0,0
BRDA:49,36,0,0
BRDA:49,37,0,5
BRDA:49,38,0,0
BRDA:49,39,0,4
BRDA:49,40,0,0
BRDA:49,41,0,0
BRDA:49,42,0,0
BRDA:49,43,0,0
BRDA:49,44,0,28
BRDA:49,45,0,18
BRDA:49,46,0,17
BRDA:49,47,0,1
BRDA:49,48,0,18
BRDA:49,49,0,5
BRDA:49,50,0,1
BRDA:49,51,0,4
BRDA:49,52,0,0
BRDA:49,53,0,2
BRDA:49,54,0,0
BRDA:17,55,0,2
BRDA:18,56,0,5
BRDA:26,57,0,5
BRDA:49,58,0,5
BRDA:49,59,0,18
BRDA:29,60,0,5
BRDA:49,61,0,5
BRDA:33,62,0,1
BRDA:35,63,0,4
BRDA:49,64,0,4
BRDA:49,65,0,4
BRF:66
BRH:46
end_of_record
TN:
SF:src/modules/users/services/ResetPasswordService.ts
FN:55,Object.<anonymous>
FN:55,Object.<anonymous>.__decorate
FN:55,Object.<anonymous>.__metadata
FN:55,Object.<anonymous>.__param
FN:55,Object.<anonymous>.__awaiter
FN:55,adopt
FN:55,fulfilled
FN:55,rejected
FN:55,step
FN:55,Object.<anonymous>.__generator
FN:55,sent
FN:55,g.<computed>
FN:55,verb
FN:55,step
FN:55,Object.<anonymous>.__importDefault
FN:18,ResetPasswordService
FN:29,Object.<anonymous>.ResetPasswordService.execute
FNF:17
FNH:15
FNDA:1,Object.<anonymous>
FNDA:1,Object.<anonymous>.__decorate
FNDA:1,Object.<anonymous>.__metadata
FNDA:3,Object.<anonymous>.__param
FNDA:4,Object.<anonymous>.__awaiter
FNDA:8,adopt
FNDA:8,fulfilled
FNDA:0,rejected
FNDA:9,step
FNDA:4,Object.<anonymous>.__generator
FNDA:8,sent
FNDA:0,g.<computed>
FNDA:12,verb
FNDA:12,step
FNDA:1,Object.<anonymous>.__importDefault
FNDA:4,ResetPasswordService
FNDA:4,Object.<anonymous>.ResetPasswordService.execute
DA:1,1
DA:2,1
DA:3,1
DA:4,1
DA:5,1
DA:6,1
DA:7,1
DA:8,1
DA:9,1
DA:10,1
DA:11,1
DA:12,1
DA:13,1
DA:14,1
DA:15,1
DA:16,1
DA:17,1
DA:18,1
DA:19,4
DA:20,4
DA:21,4
DA:22,4
DA:23,4
DA:24,4
DA:25,4
DA:26,4
DA:27,4
DA:28,1
DA:29,1
DA:30,4
DA:31,4
DA:32,4
DA:33,2
DA:34,2
DA:35,2
DA:36,4
DA:37,4
DA:38,4
DA:39,0
DA:40,0
DA:41,4
DA:42,4
DA:43,4
DA:44,4
DA:45,4
DA:46,1
DA:47,1
DA:48,1
DA:49,1
DA:50,4
DA:51,4
DA:52,4
DA:53,1
DA:54,1
DA:55,1
LF:55
LH:53
BRDA:55,0,0,1
BRDA:55,1,0,1
BRDA:55,2,0,1
BRDA:55,3,0,0
BRDA:55,4,0,0
BRDA:55,5,0,0
BRDA:55,6,0,0
BRDA:55,7,0,1
BRDA:55,8,0,3
BRDA:55,9,0,3
BRDA:55,10,0,4
BRDA:55,11,0,8
BRDA:55,12,0,0
BRDA:55,13,0,4
BRDA:55,14,0,8
BRDA:55,15,0,5
BRDA:55,16,0,3
BRDA:55,17,0,9
BRDA:55,18,0,1
BRDA:55,19,0,8
BRDA:55,20,0,4
BRDA:55,21,0,8
BRDA:55,22,0,0
BRDA:55,23,0,12
BRDA:55,24,0,12
BRDA:55,25,0,12
BRDA:55,26,0,0
BRDA:55,27,0,24
BRDA:55,28,0,0
BRDA:55,29,0,0
BRDA:55,30,0,0
BRDA:55,31,0,0
BRDA:55,32,0,12
BRDA:55,33,0,12
BRDA:55,34,0,8
BRDA:55,35,0,0
BRDA:55,36,0,0
BRDA:55,37,0,4
BRDA:55,38,0,0
BRDA:55,39,0,1
BRDA:55,40,0,0
BRDA:55,41,0,0
BRDA:55,42,0,0
BRDA:55,43,0,0
BRDA:55,44,0,12
BRDA:55,45,0,9
BRDA:55,46,0,3
BRDA:55,47,0,12
BRDA:55,48,0,4
BRDA:55,49,0,3
BRDA:55,50,0,1
BRDA:55,51,0,0
BRDA:55,52,0,1
BRDA:55,53,0,0
BRDA:17,54,0,1
BRDA:18,55,0,4
BRDA:29,56,0,4
BRDA:55,57,0,4
BRDA:55,58,0,12
BRDA:30,59,0,4
BRDA:55,60,0,4
BRDA:32,61,0,2
BRDA:36,62,0,0
BRDA:36,63,0,2
BRDA:55,64,0,2
BRDA:38,65,0,0
BRDA:45,66,0,1
BRDA:55,67,0,1
BRDA:55,68,0,1
BRF:69
BRH:47
end_of_record
TN:
SF:src/modules/users/services/SendForgotPasswordEmailService.ts
FN:54,Object.<anonymous>
FN:54,Object.<anonymous>.__decorate
FN:54,Object.<anonymous>.__metadata
FN:54,Object.<anonymous>.__param
FN:54,Object.<anonymous>.__awaiter
FN:54,adopt
FN:54,fulfilled
FN:54,rejected
FN:54,step
FN:54,Object.<anonymous>.__generator
FN:54,sent
FN:54,g.<computed>
FN:54,verb
FN:54,step
FN:54,Object.<anonymous>.__importDefault
FN:15,SendForgotPasswordEmailService
FN:26,Object.<anonymous>.SendForgotPasswordEmailService.execute
FNF:17
FNH:15
FNDA:1,Object.<anonymous>
FNDA:1,Object.<anonymous>.__decorate
FNDA:1,Object.<anonymous>.__metadata
FNDA:3,Object.<anonymous>.__param
FNDA:3,Object.<anonymous>.__awaiter
FNDA:7,adopt
FNDA:7,fulfilled
FNDA:0,rejected
FNDA:9,step
FNDA:3,Object.<anonymous>.__generator
FNDA:7,sent
FNDA:0,g.<computed>
FNDA:9,verb
FNDA:10,step
FNDA:2,Object.<anonymous>.__importDefault
FNDA:3,SendForgotPasswordEmailService
FNDA:3,Object.<anonymous>.SendForgotPasswordEmailService.execute
DA:1,1
DA:2,1
DA:3,1
DA:4,1
DA:5,1
DA:6,1
DA:7,1
DA:8,1
DA:9,1
DA:10,1
DA:11,1
DA:12,1
DA:13,1
DA:14,1
DA:15,1
DA:16,3
DA:17,3
DA:18,3
DA:19,3
DA:20,3
DA:21,3
DA:22,3
DA:23,3
DA:24,3
DA:25,1
DA:26,1
DA:27,3
DA:28,3
DA:29,3
DA:30,1
DA:31,1
DA:32,2
DA:33,2
DA:34,3
DA:35,3
DA:36,3
DA:37,3
DA:38,3
DA:39,3
DA:40,3
DA:41,3
DA:42,3
DA:43,3
DA:44,3
DA:45,3
DA:46,3
DA:47,3
DA:48,3
DA:49,3
DA:50,3
DA:51,3
DA:52,1
DA:53,1
DA:54,1
LF:54
LH:54
BRDA:54,0,0,1
BRDA:54,1,0,1
BRDA:54,2,0,1
BRDA:54,3,0,0
BRDA:54,4,0,0
BRDA:54,5,0,0
BRDA:54,6,0,0
BRDA:54,7,0,1
BRDA:54,8,0,3
BRDA:54,9,0,3
BRDA:54,10,0,3
BRDA:54,11,0,7
BRDA:54,12,0,0
BRDA:54,13,0,3
BRDA:54,14,0,7
BRDA:54,15,0,6
BRDA:54,16,0,1
BRDA:54,17,0,9
BRDA:54,18,0,2
BRDA:54,19,0,7
BRDA:54,20,0,3
BRDA:54,21,0,7
BRDA:54,22,0,0
BRDA:54,23,0,9
BRDA:54,24,0,10
BRDA:54,25,0,10
BRDA:54,26,0,0
BRDA:54,27,0,20
BRDA:54,28,0,0
BRDA:54,29,0,0
BRDA:54,30,0,0
BRDA:54,31,0,0
BRDA:54,32,0,10
BRDA:54,33,0,10
BRDA:54,34,0,7
BRDA:54,35,0,0
BRDA:54,36,0,0
BRDA:54,37,0,3
BRDA:54,38,0,0
BRDA:54,39,0,2
BRDA:54,40,0,0
BRDA:54,41,0,0
BRDA:54,42,0,0
BRDA:54,43,0,0
BRDA:54,44,0,10
BRDA:54,45,0,9
BRDA:54,46,0,1
BRDA:54,47,0,10
BRDA:54,48,0,3
BRDA:54,49,0,1
BRDA:54,50,0,2
BRDA:54,51,0,0
BRDA:54,52,0,2
BRDA:54,53,0,1
BRDA:54,54,0,1
BRDA:14,55,0,1
BRDA:15,56,0,3
BRDA:26,57,0,3
BRDA:54,58,0,3
BRDA:54,59,0,10
BRDA:27,60,0,3
BRDA:54,61,0,3
BRDA:29,62,0,1
BRDA:31,63,0,2
BRDA:54,64,0,2
BRDA:54,65,0,2
BRF:66
BRH:47
end_of_record
TN:
SF:src/modules/users/services/ShowProfileService.ts
FN:32,Object.<anonymous>
FN:32,Object.<anonymous>.__decorate
FN:32,Object.<anonymous>.__metadata
FN:32,Object.<anonymous>.__param
FN:32,Object.<anonymous>.__awaiter
FN:32,adopt
FN:32,fulfilled
FN:32,rejected
FN:32,step
FN:32,Object.<anonymous>.__generator
FN:32,sent
FN:32,g.<computed>
FN:32,verb
FN:32,step
FN:32,Object.<anonymous>.__importDefault
FN:15,ShowProfileService
FN:21,Object.<anonymous>.ShowProfileService.execute
FNF:17
FNH:15
FNDA:1,Object.<anonymous>
FNDA:1,Object.<anonymous>.__decorate
FNDA:1,Object.<anonymous>.__metadata
FNDA:1,Object.<anonymous>.__param
FNDA:2,Object.<anonymous>.__awaiter
FNDA:2,adopt
FNDA:2,fulfilled
FNDA:0,rejected
FNDA:3,step
FNDA:2,Object.<anonymous>.__generator
FNDA:2,sent
FNDA:0,g.<computed>
FNDA:6,verb
FNDA:4,step
FNDA:1,Object.<anonymous>.__importDefault
FNDA:2,ShowProfileService
FNDA:2,Object.<anonymous>.ShowProfileService.execute
DA:1,1
DA:2,1
DA:3,1
DA:4,1
DA:5,1
DA:6,1
DA:7,1
DA:8,1
DA:9,1
DA:10,1
DA:11,1
DA:12,1
DA:13,1
DA:14,1
DA:15,1
DA:16,2
DA:17,2
DA:18,2
DA:19,1
DA:20,1
DA:21,1
DA:22,2
DA:23,2
DA:24,2
DA:25,1
DA:26,1
DA:27,1
DA:28,1
DA:29,2
DA:30,1
DA:31,1
DA:32,1
LF:32
LH:32
BRDA:32,0,0,1
BRDA:32,1,0,1
BRDA:32,2,0,1
BRDA:32,3,0,0
BRDA:32,4,0,0
BRDA:32,5,0,0
BRDA:32,6,0,0
BRDA:32,7,0,1
BRDA:32,8,0,1
BRDA:32,9,0,1
BRDA:32,10,0,2
BRDA:32,11,0,2
BRDA:32,12,0,0
BRDA:32,13,0,2
BRDA:32,14,0,2
BRDA:32,15,0,1
BRDA:32,16,0,3
BRDA:32,17,0,1
BRDA:32,18,0,2
BRDA:32,19,0,2
BRDA:32,20,0,2
BRDA:32,21,0,0
BRDA:32,22,0,6
BRDA:32,23,0,4
BRDA:32,24,0,4
BRDA:32,25,0,0
BRDA:32,26,0,8
BRDA:32,27,0,0
BRDA:32,28,0,0
BRDA:32,29,0,0
BRDA:32,30,0,0
BRDA:32,31,0,4
BRDA:32,32,0,4
BRDA:32,33,0,2
BRDA:32,34,0,0
BRDA:32,35,0,0
BRDA:32,36,0,2
BRDA:32,37,0,0
BRDA:32,38,0,1
BRDA:32,39,0,0
BRDA:32,40,0,0
BRDA:32,41,0,0
BRDA:32,42,0,0
BRDA:32,43,0,4
BRDA:32,44,0,3
BRDA:32,45,0,1
BRDA:32,46,0,4
BRDA:32,47,0,2
BRDA:32,48,0,1
BRDA:32,49,0,0
BRDA:32,50,0,1
BRDA:32,51,0,0
BRDA:14,52,0,1
BRDA:15,53,0,2
BRDA:21,54,0,2
BRDA:32,55,0,2
BRDA:32,56,0,4
BRDA:22,57,0,2
BRDA:32,58,0,2
BRDA:24,59,0,1
BRF:60
BRH:40
end_of_record
TN:
SF:src/modules/users/services/UpdateProfileService.ts
FN:67,Object.<anonymous>
FN:67,Object.<anonymous>.__decorate
FN:67,Object.<anonymous>.__metadata
FN:67,Object.<anonymous>.__param
FN:67,Object.<anonymous>.__awaiter
FN:67,adopt
FN:67,fulfilled
FN:67,rejected
FN:67,step
FN:67,Object.<anonymous>.__generator
FN:67,sent
FN:67,g.<computed>
FN:67,verb
FN:67,step
FN:67,Object.<anonymous>.__importDefault
FN:20,UpdateProfile
FN:29,Object.<anonymous>.UpdateProfile.execute
FNF:17
FNH:15
FNDA:1,Object.<anonymous>
FNDA:1,Object.<anonymous>.__decorate
FNDA:1,Object.<anonymous>.__metadata
FNDA:2,Object.<anonymous>.__param
FNDA:6,Object.<anonymous>.__awaiter
FNDA:14,adopt
FNDA:14,fulfilled
FNDA:0,rejected
FNDA:16,step
FNDA:6,Object.<anonymous>.__generator
FNDA:14,sent
FNDA:0,g.<computed>
FNDA:18,verb
FNDA:20,step
FNDA:1,Object.<anonymous>.__importDefault
FNDA:6,UpdateProfile
FNDA:6,Object.<anonymous>.UpdateProfile.execute
DA:1,1
DA:2,1
DA:3,1
DA:4,1
DA:5,1
DA:6,1
DA:7,1
DA:8,1
DA:9,1
DA:10,1
DA:11,1
DA:12,1
DA:13,1
DA:14,1
DA:15,1
DA:16,1
DA:17,1
DA:18,1
DA:19,1
DA:20,1
DA:21,6
DA:22,6
DA:23,6
DA:24,6
DA:25,6
DA:26,6
DA:27,1
DA:28,1
DA:29,1
DA:30,6
DA:31,6
DA:32,6
DA:33,1
DA:34,1
DA:35,5
DA:36,5
DA:37,6
DA:38,6
DA:39,1
DA:40,1
DA:41,4
DA:42,4
DA:43,4
DA:44,4
DA:45,6
DA:46,1
DA:47,1
DA:48,3
DA:49,6
DA:50,2
DA:51,2
DA:52,2
DA:53,2
DA:54,6
DA:55,6
DA:56,1
DA:57,1
DA:58,1
DA:59,1
DA:60,1
DA:61,6
DA:62,6
DA:63,6
DA:64,6
DA:65,1
DA:66,1
DA:67,1
LF:67
LH:67
BRDA:67,0,0,1
BRDA:67,1,0,1
BRDA:67,2,0,1
BRDA:67,3,0,0
BRDA:67,4,0,0
BRDA:67,5,0,0
BRDA:67,6,0,0
BRDA:67,7,0,1
BRDA:67,8,0,2
BRDA:67,9,0,2
BRDA:67,10,0,6
BRDA:67,11,0,14
BRDA:67,12,0,0
BRDA:67,13,0,6
BRDA:67,14,0,14
BRDA:67,15,0,10
BRDA:67,16,0,4
BRDA:67,17,0,16
BRDA:67,18,0,2
BRDA:67,19,0,14
BRDA:67,20,0,6
BRDA:67,21,0,14
BRDA:67,22,0,0
BRDA:67,23,0,18
BRDA:67,24,0,20
BRDA:67,25,0,20
BRDA:67,26,0,0
BRDA:67,27,0,41
BRDA:67,28,0,0
BRDA:67,29,0,0
BRDA:67,30,0,0
BRDA:67,31,0,0
BRDA:67,32,0,20
BRDA:67,33,0,20
BRDA:67,34,0,14
BRDA:67,35,0,0
BRDA:67,36,0,0
BRDA:67,37,0,7
BRDA:67,38,0,0
BRDA:67,39,0,3
BRDA:67,40,0,6
BRDA:67,41,0,1
BRDA:67,42,0,0
BRDA:67,43,0,1
BRDA:67,44,0,0
BRDA:67,45,0,0
BRDA:67,46,0,0
BRDA:67,47,0,21
BRDA:67,48,0,17
BRDA:67,49,0,4
BRDA:67,50,0,21
BRDA:67,51,0,6
BRDA:67,52,0,4
BRDA:67,53,0,2
BRDA:67,54,0,0
BRDA:67,55,0,1
BRDA:67,56,0,0
BRDA:19,57,0,1
BRDA:20,58,0,6
BRDA:29,59,0,6
BRDA:67,60,0,6
BRDA:67,61,0,21
BRDA:30,62,0,6
BRDA:67,63,0,6
BRDA:32,64,0,1
BRDA:34,65,0,5
BRDA:67,66,0,5
BRDA:38,67,0,1
BRDA:38,68,0,1
BRDA:40,69,0,4
BRDA:45,70,0,3
BRDA:45,71,0,1
BRDA:47,72,0,3
BRDA:49,73,0,2
BRDA:49,74,0,1
BRDA:49,75,0,2
BRDA:67,76,0,2
BRDA:55,77,0,1
BRDA:67,78,0,1
BRDA:63,79,0,2
BRF:80
BRH:60
end_of_record
TN:
SF:src/modules/users/services/UpdateUserAvatarService.ts
FN:52,Object.<anonymous>
FN:52,Object.<anonymous>.__decorate
FN:52,Object.<anonymous>.__metadata
FN:52,Object.<anonymous>.__param
FN:52,Object.<anonymous>.__awaiter
FN:52,adopt
FN:52,fulfilled
FN:52,rejected
FN:52,step
FN:52,Object.<anonymous>.__generator
FN:52,sent
FN:52,g.<computed>
FN:52,verb
FN:52,step
FN:52,Object.<anonymous>.__importDefault
FN:21,UpdateUserAvatarService
FN:30,Object.<anonymous>.UpdateUserAvatarService.execute
FNF:17
FNH:15
FNDA:1,Object.<anonymous>
FNDA:1,Object.<anonymous>.__decorate
FNDA:1,Object.<anonymous>.__metadata
FNDA:2,Object.<anonymous>.__param
FNDA:4,Object.<anonymous>.__awaiter
FNDA:11,adopt
FNDA:11,fulfilled
FNDA:0,rejected
FNDA:14,step
FNDA:4,Object.<anonymous>.__generator
FNDA:11,sent
FNDA:0,g.<computed>
FNDA:12,verb
FNDA:15,step
FNDA:1,Object.<anonymous>.__importDefault
FNDA:3,UpdateUserAvatarService
FNDA:4,Object.<anonymous>.UpdateUserAvatarService.execute
DA:1,1
DA:2,1
DA:3,1
DA:4,1
DA:5,1
DA:6,1
DA:7,1
DA:8,1
DA:9,1
DA:10,1
DA:11,1
DA:12,1
DA:13,1
DA:14,1
DA:15,1
DA:16,1
DA:17,1
DA:18,1
DA:19,1
DA:20,1
DA:21,1
DA:22,3
DA:23,3
DA:24,3
DA:25,3
DA:26,3
DA:27,3
DA:28,1
DA:29,1
DA:30,1
DA:31,4
DA:32,4
DA:33,4
DA:34,4
DA:35,1
DA:36,1
DA:37,3
DA:38,3
DA:39,1
DA:40,4
DA:41,4
DA:42,4
DA:43,4
DA:44,4
DA:45,4
DA:46,4
DA:47,4
DA:48,4
DA:49,4
DA:50,1
DA:51,1
DA:52,1
LF:52
LH:52
BRDA:52,0,0,1
BRDA:52,1,0,1
BRDA:52,2,0,1
BRDA:52,3,0,0
BRDA:52,4,0,0
BRDA:52,5,0,0
BRDA:52,6,0,0
BRDA:52,7,0,1
BRDA:52,8,0,2
BRDA:52,9,0,2
BRDA:52,10,0,4
BRDA:52,11,0,11
BRDA:52,12,0,0
BRDA:52,13,0,4
BRDA:52,14,0,11
BRDA:52,15,0,10
BRDA:52,16,0,1
BRDA:52,17,0,14
BRDA:52,18,0,3
BRDA:52,19,0,11
BRDA:52,20,0,4
BRDA:52,21,0,11
BRDA:52,22,0,0
BRDA:52,23,0,12
BRDA:52,24,0,15
BRDA:52,25,0,15
BRDA:52,26,0,0
BRDA:52,27,0,32
BRDA:52,28,0,0
BRDA:52,29,0,0
BRDA:52,30,0,0
BRDA:52,31,0,0
BRDA:52,32,0,15
BRDA:52,33,0,15
BRDA:52,34,0,11
BRDA:52,35,0,0
BRDA:52,36,0,0
BRDA:52,37,0,6
BRDA:52,38,0,0
BRDA:52,39,0,5
BRDA:52,40,0,4
BRDA:52,41,0,2
BRDA:52,42,0,0
BRDA:52,43,0,2
BRDA:52,44,0,0
BRDA:52,45,0,0
BRDA:52,46,0,0
BRDA:52,47,0,17
BRDA:52,48,0,16
BRDA:52,49,0,1
BRDA:52,50,0,17
BRDA:52,51,0,4
BRDA:52,52,0,1
BRDA:52,53,0,3
BRDA:52,54,0,0
BRDA:52,55,0,1
BRDA:52,56,0,0
BRDA:20,57,0,1
BRDA:21,58,0,3
BRDA:30,59,0,4
BRDA:52,60,0,4
BRDA:52,61,0,17
BRDA:32,62,0,4
BRDA:52,63,0,4
BRDA:34,64,0,1
BRDA:36,65,0,3
BRDA:38,66,0,2
BRDA:38,67,0,1
BRDA:52,68,0,1
BRDA:42,69,0,3
BRDA:52,70,0,3
BRDA:52,71,0,3
BRF:72
BRH:52
end_of_record
